\BOOKMARK [0][-]{chapter*.4}{List of Figures}{}% 1
\BOOKMARK [0][-]{chapter*.5}{List of Tables}{}% 2
\BOOKMARK [0][-]{chapter*.6}{List of Acronyms}{}% 3
\BOOKMARK [0][-]{chapter.1}{Introduction}{}% 4
\BOOKMARK [1][-]{section.1.1}{Context}{chapter.1}% 5
\BOOKMARK [1][-]{section.1.2}{Objective}{chapter.1}% 6
\BOOKMARK [1][-]{section.1.3}{Methodology}{chapter.1}% 7
\BOOKMARK [1][-]{section.1.4}{Document Structure}{chapter.1}% 8
\BOOKMARK [0][-]{chapter.2}{State of the art}{}% 9
\BOOKMARK [1][-]{section.2.1}{Domain Specific Language}{chapter.2}% 10
\BOOKMARK [1][-]{section.2.2}{Attribute Grammar}{chapter.2}% 11
\BOOKMARK [1][-]{section.2.3}{PAG \(Prototyping with Attribute Grammars\)}{chapter.2}% 12
\BOOKMARK [1][-]{section.2.4}{VisualLISA \(A Visual Programming Environment for Attribute Grammars\)}{chapter.2}% 13
\BOOKMARK [0][-]{chapter.3}{Proposal}{}% 14
\BOOKMARK [1][-]{section.3.1}{System Architecture}{chapter.3}% 15
\BOOKMARK [1][-]{section.3.2}{Meta-Language}{chapter.3}% 16
\BOOKMARK [2][-]{subsection.3.2.1}{Domain Specific Meta-Grammar}{section.3.2}% 17
\BOOKMARK [1][-]{section.3.3}{Case Study}{chapter.3}% 18
\BOOKMARK [2][-]{subsection.3.3.1}{Attribute Validation}{section.3.3}% 19
\BOOKMARK [2][-]{subsection.3.3.2}{Number and Gender}{section.3.3}% 20
\BOOKMARK [0][-]{chapter.4}{System Workflow}{}% 21
\BOOKMARK [0][-]{chapter.5}{Conclusion}{}% 22
\BOOKMARK [1][-]{section.5.1}{Working Plan}{chapter.5}% 23
\BOOKMARK [0][-]{table.caption.31}{Bibliography}{}% 24
